0 info it worked if it ends with ok
1 verbose cli [ '/usr/bin/node', '/usr/bin/npm', 'run', 'babel' ]
2 info using npm@3.5.2
3 info using node@v8.10.0
4 verbose run-script [ 'prebabel', 'babel', 'postbabel' ]
5 info lifecycle react_basics@1.0.0~prebabel: react_basics@1.0.0
6 silly lifecycle react_basics@1.0.0~prebabel: no script for prebabel, continuing
7 info lifecycle react_basics@1.0.0~babel: react_basics@1.0.0
8 verbose lifecycle react_basics@1.0.0~babel: unsafe-perm in lifecycle true
9 verbose lifecycle react_basics@1.0.0~babel: PATH: /usr/share/npm/bin/node-gyp-bin:/home/chessah/Desktop/react_basics/node_modules/.bin:/usr/local/sbin:/usr/local/bin:/usr/sbin:/usr/bin:/sbin:/bin:/usr/games:/usr/local/games:/snap/bin
10 verbose lifecycle react_basics@1.0.0~babel: CWD: /home/chessah/Desktop/react_basics
11 silly lifecycle react_basics@1.0.0~babel: Args: [ '-c',
11 silly lifecycle   'babel src/playground/app.js --out-file=public/scripts/app.js --presets=env,react --watch' ]
12 silly lifecycle react_basics@1.0.0~babel: Returned: code: 2  signal: null
13 info lifecycle react_basics@1.0.0~babel: Failed to exec babel script
14 verbose stack Error: react_basics@1.0.0 babel: `babel src/playground/app.js --out-file=public/scripts/app.js --presets=env,react --watch`
14 verbose stack Exit status 2
14 verbose stack     at EventEmitter.<anonymous> (/usr/share/npm/lib/utils/lifecycle.js:232:16)
14 verbose stack     at emitTwo (events.js:126:13)
14 verbose stack     at EventEmitter.emit (events.js:214:7)
14 verbose stack     at ChildProcess.<anonymous> (/usr/share/npm/lib/utils/spawn.js:24:14)
14 verbose stack     at emitTwo (events.js:126:13)
14 verbose stack     at ChildProcess.emit (events.js:214:7)
14 verbose stack     at maybeClose (internal/child_process.js:925:16)
14 verbose stack     at Process.ChildProcess._handle.onexit (internal/child_process.js:209:5)
15 verbose pkgid react_basics@1.0.0
16 verbose cwd /home/chessah/Desktop/react_basics
17 error Linux 4.15.0-66-generic
18 error argv "/usr/bin/node" "/usr/bin/npm" "run" "babel"
19 error node v8.10.0
20 error npm  v3.5.2
21 error code ELIFECYCLE
22 error react_basics@1.0.0 babel: `babel src/playground/app.js --out-file=public/scripts/app.js --presets=env,react --watch`
22 error Exit status 2
23 error Failed at the react_basics@1.0.0 babel script 'babel src/playground/app.js --out-file=public/scripts/app.js --presets=env,react --watch'.
23 error Make sure you have the latest version of node.js and npm installed.
23 error If you do, this is most likely a problem with the react_basics package,
23 error not with npm itself.
23 error Tell the author that this fails on your system:
23 error     babel src/playground/app.js --out-file=public/scripts/app.js --presets=env,react --watch
23 error You can get information on how to open an issue for this project with:
23 error     npm bugs react_basics
23 error Or if that isn't available, you can get their info via:
23 error     npm owner ls react_basics
23 error There is likely additional logging output above.
24 verbose exit [ 1, true ]
